<?xml version="1.0" encoding="UTF-8"?>
<!-- Generated by org.testng.reporters.JUnitReportReporter -->
<testsuite hostname="DESKTOP-HLDJSFT" failures="0" tests="1" name="tests.OpenFB" time="7.370" errors="0" timestamp="2020-07-07T14:37:34 MST" skipped="0">
  <testcase classname="tests.OpenFB" name="getFBPage" time="7.370"/>
  <system-out/>
</testsuite> <!-- tests.OpenFB -->
