<?xml version="1.0" encoding="UTF-8"?>
<!-- Generated by org.testng.reporters.JUnitReportReporter -->
<testsuite hostname="DESKTOP-HLDJSFT" failures="0" tests="10" name="tests.LoginFB" time="112.881" errors="0" timestamp="13 Jul 2020 07:55:20 GMT" skipped="0">
  <testcase classname="tests.LoginFB" name="testFailingLogin" time="11.683"/>
  <testcase classname="tests.LoginFB" name="testFailingLogin" time="12.974"/>
  <testcase classname="tests.LoginFB" name="testFailingLogin" time="12.318"/>
  <testcase classname="tests.LoginFB" name="testFailingLogin" time="11.683"/>
  <testcase classname="tests.LoginFB" name="getFBPage" time="4.920"/>
  <testcase classname="tests.LoginFB" name="testFailingLogin" time="11.803"/>
  <testcase classname="tests.LoginFB" name="testFailingLogin" time="11.772"/>
  <testcase classname="tests.LoginFB" name="testFailingLogin" time="11.871"/>
  <testcase classname="tests.LoginFB" name="testFailingLogin" time="11.944"/>
  <testcase classname="tests.LoginFB" name="testFailingLogin" time="11.913"/>
</testsuite> <!-- tests.LoginFB -->
