<?xml version="1.0" encoding="UTF-8"?>
<!-- Generated by org.testng.reporters.JUnitReportReporter -->
<testsuite hostname="DESKTOP-HLDJSFT" failures="0" tests="10" name="tests.FbLoginTester" time="117.251" errors="0" timestamp="20 Jul 2020 05:50:15 GMT" skipped="0">
  <testcase classname="tests.FbLoginTester" name="testFailingLogin" time="11.928"/>
  <testcase classname="tests.FbLoginTester" name="testFailingLogin" time="12.170"/>
  <testcase classname="tests.FbLoginTester" name="testFailingLogin" time="12.937"/>
  <testcase classname="tests.FbLoginTester" name="getFBPage" time="5.883"/>
  <testcase classname="tests.FbLoginTester" name="testFailingLogin" time="12.526"/>
  <testcase classname="tests.FbLoginTester" name="testFailingLogin" time="12.445"/>
  <testcase classname="tests.FbLoginTester" name="testFailingLogin" time="12.237"/>
  <testcase classname="tests.FbLoginTester" name="testFailingLogin" time="11.646"/>
  <testcase classname="tests.FbLoginTester" name="testFailingLogin" time="12.487"/>
  <testcase classname="tests.FbLoginTester" name="testFailingLogin" time="12.992"/>
</testsuite> <!-- tests.FbLoginTester -->
